castor-recon() -> Launch reconstruction from CASToR version 3.1.1.
==================================================================================================
                                      COMMAND LINE CONTEXT
==================================================================================================
Command line: castor-recon_ESSE_v3 -df mod_proj_di2160s100_obj_00018377_d1.cdh -fout mod_proj_di2160s100_obj_00018377_d1 -oit 8:8 -it 8:6 -dim 64,64,64 -vox 6.80,6.80,6.80 -atn ct.hct -conf /home/y.zezhang/castor/config -vb 1 -opti MLEM -proj classicSiddon -cdrf /data01/user-storage/y.zezhang/2024_subsample_project/supporting_file_reconstruction/CDRP10.par 
Working directory: /home/y.zezhang/2024_subsample_project/reconstruction
Data of execution: Fri Aug  2 12:13:33 2024
Float numbers precision in bytes (for matrices and some computations): 4
Float numbers precision in bytes (for sensitive computations that require at least double precision): 8
Float numbers precision in bytes (for datafile reading/writing): 4
Float numbers precision in bytes (for scanner LUT reading/writing): 4
CASToR version: 3.1.1
==================================================================================================
sScannerManager::Initialize() -> From scanner smc_mod_proj_di2160s100_obj_00018377_d1
oProjectorManager::Initialize() -> Initialize projectors and projection lines
----- Dynamic model: No parameters given - setting diagonal basis functions !
oOptimizerManager::Initialize() -> Initialize optimizer and penalty
sChronoManager::Initialize() -> Initialize all duration counters for profiling
vAlgorithm::IterateCPU() -> Start algorithm for 8 iterations
vAlgorithm::IterateCPU() -> Start iteration 1/8 subset 1/6
vAlgorithm::IterateCPU() -> Start iteration 1/8 subset 2/6
vAlgorithm::IterateCPU() -> Start iteration 1/8 subset 3/6
vAlgorithm::IterateCPU() -> Start iteration 1/8 subset 4/6
vAlgorithm::IterateCPU() -> Start iteration 1/8 subset 5/6
vAlgorithm::IterateCPU() -> Start iteration 1/8 subset 6/6
